2024-03-07 20:52:58,177 INFO o.h.v.i.u.Version [background-preinit] HV000001: Hibernate Validator 8.0.1.Final
2024-03-07 20:52:58,212 INFO o.s.b.StartupInfoLogger [main] Starting EuroapiApplication using Java 20 with PID 16392 (C:\Users\mapit\Desktop\euroapi\target\classes started by mapit in C:\Users\mapit\Desktop\euroapi)
2024-03-07 20:52:58,213 INFO o.s.b.SpringApplication [main] No active profile set, falling back to 1 default profile: "default"
2024-03-07 20:52:58,716 INFO o.s.d.r.c.RepositoryConfigurationDelegate [main] Bootstrapping Spring Data JPA repositories in DEFAULT mode.
2024-03-07 20:52:58,764 INFO o.s.d.r.c.RepositoryConfigurationDelegate [main] Finished Spring Data repository scanning in 42 ms. Found 5 JPA repository interfaces.
2024-03-07 20:52:59,205 INFO o.s.b.w.e.t.TomcatWebServer [main] Tomcat initialized with port 8090 (http)
2024-03-07 20:52:59,214 INFO o.a.j.l.DirectJDKLog [main] Initializing ProtocolHandler ["http-nio-8090"]
2024-03-07 20:52:59,217 INFO o.a.j.l.DirectJDKLog [main] Starting service [Tomcat]
2024-03-07 20:52:59,217 INFO o.a.j.l.DirectJDKLog [main] Starting Servlet engine: [Apache Tomcat/10.1.18]
2024-03-07 20:52:59,263 INFO o.a.j.l.DirectJDKLog [main] Initializing Spring embedded WebApplicationContext
2024-03-07 20:52:59,264 INFO o.s.b.w.s.c.ServletWebServerApplicationContext [main] Root WebApplicationContext: initialization completed in 1015 ms
2024-03-07 20:52:59,287 INFO c.z.h.HikariDataSource [main] HikariPool-1 - Starting...
2024-03-07 20:52:59,470 INFO c.z.h.p.HikariPool [main] HikariPool-1 - Added connection conn0: url=jdbc:h2:file:~/euroapi.db user=SA
2024-03-07 20:52:59,472 INFO c.z.h.HikariDataSource [main] HikariPool-1 - Start completed.
2024-03-07 20:52:59,480 INFO o.s.b.a.h.H2ConsoleAutoConfiguration [main] H2 console available at '/h2-console'. Database available at 'jdbc:h2:file:~/euroapi.db'
2024-03-07 20:52:59,575 INFO o.h.j.i.u.LogHelper [main] HHH000204: Processing PersistenceUnitInfo [name: default]
2024-03-07 20:52:59,615 INFO o.h.Version [main] HHH000412: Hibernate ORM core version 6.4.1.Final
2024-03-07 20:52:59,640 INFO o.h.c.i.RegionFactoryInitiator [main] HHH000026: Second-level cache disabled
2024-03-07 20:52:59,805 INFO o.s.o.j.p.SpringPersistenceUnitInfo [main] No LoadTimeWeaver setup: ignoring JPA class transformer
2024-03-07 20:52:59,842 WARN o.h.e.j.d.i.DialectFactoryImpl [main] HHH90000025: H2Dialect does not need to be specified explicitly using 'hibernate.dialect' (remove the property setting and it will be selected by default)
2024-03-07 20:53:00,631 INFO o.h.e.t.j.p.i.JtaPlatformInitiator [main] HHH000489: No JTA platform available (set 'hibernate.transaction.jta.platform' to enable JTA platform integration)
2024-03-07 20:53:00,675 INFO o.s.o.j.AbstractEntityManagerFactoryBean [main] Initialized JPA EntityManagerFactory for persistence unit 'default'
2024-03-07 20:53:01,034 WARN o.s.b.a.o.j.JpaBaseConfiguration$JpaWebConfiguration [main] spring.jpa.open-in-view is enabled by default. Therefore, database queries may be performed during view rendering. Explicitly configure spring.jpa.open-in-view to disable this warning
2024-03-07 20:53:01,284 INFO o.a.j.l.DirectJDKLog [main] Starting ProtocolHandler ["http-nio-8090"]
2024-03-07 20:53:01,301 INFO o.s.b.w.e.t.TomcatWebServer [main] Tomcat started on port 8090 (http) with context path ''
2024-03-07 20:53:01,309 INFO o.s.b.StartupInfoLogger [main] Started EuroapiApplication in 3.484 seconds (process running for 3.746)
2024-03-07 20:53:49,621 INFO o.s.o.j.AbstractEntityManagerFactoryBean [SpringApplicationShutdownHook] Closing JPA EntityManagerFactory for persistence unit 'default'
2024-03-07 20:53:49,623 INFO c.z.h.HikariDataSource [SpringApplicationShutdownHook] HikariPool-1 - Shutdown initiated...
2024-03-07 20:53:49,827 INFO c.z.h.HikariDataSource [SpringApplicationShutdownHook] HikariPool-1 - Shutdown completed.
